<?xml version="1.0" encoding="UTF-8"?>
<!-- Generated by org.testng.reporters.JUnitXMLReporter -->
<testsuite hostname="LAPTOP-209335EI" ignored="2" name="Default test" tests="3" failures="0" timestamp="19 oct 2018 15:58:55 GMT" time="2.365" errors="0">
  <testcase name="addInsumo" time="1.861" classname="Informatorio.testing.InsumoTest"/>
  <testcase name="getByIdUsingQueryParam" time="0.076" classname="Informatorio.testing.InsumoTest"/>
  <testcase name="deleteInsumo" time="0.049" classname="Informatorio.testing.InsumoTest"/>
  <testcase name="getAll" time="0.0" classname="Informatorio.testing.InsumoTest">
    <ignored/>
  </testcase> <!-- getAll -->
  <testcase name="getByIdUsingPathParam" time="0.0" classname="Informatorio.testing.InsumoTest">
    <ignored/>
  </testcase> <!-- getByIdUsingPathParam -->
</testsuite> <!-- Default test -->
