<?xml version="1.0" encoding="UTF-8"?>
<testng-results skipped="0" failed="0" ignored="2" total="5" passed="3">
  <reporter-output>
  </reporter-output>
  <suite name="Default suite" duration-ms="2365" started-at="2018-10-19T15:58:53Z" finished-at="2018-10-19T15:58:55Z">
    <groups>
    </groups>
    <test name="Default test" duration-ms="2365" started-at="2018-10-19T15:58:53Z" finished-at="2018-10-19T15:58:55Z">
      <class name="Informatorio.testing.InsumoTest">
        <test-method status="PASS" signature="setUp()[pri:0, instance:Informatorio.testing.InsumoTest@68c4039c]" name="setUp" is-config="true" duration-ms="340" started-at="2018-10-19T12:58:53Z" finished-at="2018-10-19T12:58:53Z">
          <reporter-output>
          </reporter-output>
        </test-method> <!-- setUp -->
        <test-method status="PASS" signature="addInsumo()[pri:0, instance:Informatorio.testing.InsumoTest@68c4039c]" name="addInsumo" duration-ms="1861" started-at="2018-10-19T12:58:53Z" finished-at="2018-10-19T12:58:55Z">
          <reporter-output>
          </reporter-output>
        </test-method> <!-- addInsumo -->
        <test-method status="PASS" signature="setUp()[pri:0, instance:Informatorio.testing.InsumoTest@68c4039c]" name="setUp" is-config="true" duration-ms="0" started-at="2018-10-19T12:58:55Z" finished-at="2018-10-19T12:58:55Z">
          <reporter-output>
          </reporter-output>
        </test-method> <!-- setUp -->
        <test-method status="PASS" signature="getByIdUsingQueryParam()[pri:0, instance:Informatorio.testing.InsumoTest@68c4039c]" name="getByIdUsingQueryParam" duration-ms="76" started-at="2018-10-19T12:58:55Z" depends-on-methods="Informatorio.testing.InsumoTest.addInsumo" finished-at="2018-10-19T12:58:55Z">
          <reporter-output>
          </reporter-output>
        </test-method> <!-- getByIdUsingQueryParam -->
        <test-method status="PASS" signature="deleteInsumo()[pri:0, instance:Informatorio.testing.InsumoTest@68c4039c]" name="deleteInsumo" duration-ms="49" started-at="2018-10-19T12:58:55Z" depends-on-methods="Informatorio.testing.InsumoTest.getByIdUsingQueryParam" finished-at="2018-10-19T12:58:55Z">
          <reporter-output>
          </reporter-output>
        </test-method> <!-- deleteInsumo -->
        <test-method status="PASS" signature="setUp()[pri:0, instance:Informatorio.testing.InsumoTest@68c4039c]" name="setUp" is-config="true" duration-ms="0" started-at="2018-10-19T12:58:55Z" finished-at="2018-10-19T12:58:55Z">
          <reporter-output>
          </reporter-output>
        </test-method> <!-- setUp -->
      </class> <!-- Informatorio.testing.InsumoTest -->
    </test> <!-- Default test -->
  </suite> <!-- Default suite -->
</testng-results>
